2023/07/25 21:49:42 [notice] 1#1: signal 3 (SIGQUIT) received, shutting down
2023/07/25 21:49:42 [notice] 29#29: gracefully shutting down
2023/07/25 21:49:42 [notice] 38#38: gracefully shutting down
2023/07/25 21:49:42 [notice] 30#30: gracefully shutting down
2023/07/25 21:49:42 [notice] 31#31: gracefully shutting down
2023/07/25 21:49:42 [notice] 32#32: gracefully shutting down
2023/07/25 21:49:42 [notice] 33#33: gracefully shutting down
2023/07/25 21:49:42 [notice] 34#34: gracefully shutting down
2023/07/25 21:49:42 [notice] 34#34: exiting
2023/07/25 21:49:42 [notice] 35#35: gracefully shutting down
2023/07/25 21:49:42 [notice] 36#36: gracefully shutting down
2023/07/25 21:49:42 [notice] 37#37: gracefully shutting down
2023/07/25 21:49:42 [notice] 39#39: gracefully shutting down
2023/07/25 21:49:42 [notice] 40#40: gracefully shutting down
2023/07/25 21:49:42 [notice] 41#41: gracefully shutting down
2023/07/25 21:49:42 [notice] 42#42: gracefully shutting down
2023/07/25 21:49:42 [notice] 29#29: exiting
2023/07/25 21:49:42 [notice] 43#43: gracefully shutting down
2023/07/25 21:49:42 [notice] 44#44: gracefully shutting down
2023/07/25 21:49:42 [notice] 38#38: exiting
2023/07/25 21:49:42 [notice] 30#30: exiting
2023/07/25 21:49:42 [notice] 31#31: exiting
2023/07/25 21:49:42 [notice] 32#32: exiting
2023/07/25 21:49:42 [notice] 33#33: exiting
2023/07/25 21:49:42 [notice] 32#32: exit
2023/07/25 21:49:42 [notice] 35#35: exiting
2023/07/25 21:49:42 [notice] 34#34: exit
2023/07/25 21:49:42 [notice] 35#35: exit
2023/07/25 21:49:42 [notice] 36#36: exiting
2023/07/25 21:49:42 [notice] 37#37: exiting
2023/07/25 21:49:42 [notice] 36#36: exit
2023/07/25 21:49:42 [notice] 39#39: exiting
2023/07/25 21:49:42 [notice] 40#40: exiting
2023/07/25 21:49:42 [notice] 41#41: exiting
2023/07/25 21:49:42 [notice] 40#40: exit
2023/07/25 21:49:42 [notice] 42#42: exiting
2023/07/25 21:49:42 [notice] 29#29: exit
2023/07/25 21:49:42 [notice] 43#43: exiting
2023/07/25 21:49:42 [notice] 44#44: exiting
2023/07/25 21:49:42 [notice] 38#38: exit
2023/07/25 21:49:42 [notice] 44#44: exit
2023/07/25 21:49:42 [notice] 30#30: exit
2023/07/25 21:49:42 [notice] 31#31: exit
2023/07/25 21:49:42 [notice] 33#33: exit
2023/07/25 21:49:42 [notice] 37#37: exit
2023/07/25 21:49:42 [notice] 39#39: exit
2023/07/25 21:49:42 [notice] 41#41: exit
2023/07/25 21:49:42 [notice] 42#42: exit
2023/07/25 21:49:42 [notice] 43#43: exit
2023/07/25 21:49:42 [notice] 1#1: signal 17 (SIGCHLD) received from 35
2023/07/25 21:49:42 [notice] 1#1: worker process 29 exited with code 0
2023/07/25 21:49:42 [notice] 1#1: worker process 30 exited with code 0
2023/07/25 21:49:42 [notice] 1#1: worker process 32 exited with code 0
2023/07/25 21:49:42 [notice] 1#1: worker process 35 exited with code 0
2023/07/25 21:49:42 [notice] 1#1: worker process 40 exited with code 0
2023/07/25 21:49:42 [notice] 1#1: worker process 43 exited with code 0
2023/07/25 21:49:42 [notice] 1#1: signal 29 (SIGIO) received
2023/07/25 21:49:42 [notice] 1#1: signal 17 (SIGCHLD) received from 29
2023/07/25 21:49:42 [notice] 1#1: signal 17 (SIGCHLD) received from 34
2023/07/25 21:49:42 [notice] 1#1: worker process 34 exited with code 0
2023/07/25 21:49:42 [notice] 1#1: worker process 38 exited with code 0
2023/07/25 21:49:42 [notice] 1#1: signal 29 (SIGIO) received
2023/07/25 21:49:42 [notice] 1#1: signal 17 (SIGCHLD) received from 41
2023/07/25 21:49:42 [notice] 1#1: worker process 31 exited with code 0
2023/07/25 21:49:42 [notice] 1#1: worker process 33 exited with code 0
2023/07/25 21:49:42 [notice] 1#1: worker process 36 exited with code 0
2023/07/25 21:49:42 [notice] 1#1: worker process 41 exited with code 0
2023/07/25 21:49:42 [notice] 1#1: worker process 42 exited with code 0
2023/07/25 21:49:42 [notice] 1#1: worker process 44 exited with code 0
2023/07/25 21:49:42 [notice] 1#1: signal 29 (SIGIO) received
2023/07/25 21:49:42 [notice] 1#1: signal 17 (SIGCHLD) received from 44
2023/07/25 21:49:42 [notice] 1#1: signal 17 (SIGCHLD) received from 37
2023/07/25 21:49:42 [notice] 1#1: worker process 37 exited with code 0
2023/07/25 21:49:42 [notice] 1#1: signal 29 (SIGIO) received
2023/07/25 21:49:42 [notice] 1#1: signal 17 (SIGCHLD) received from 39
2023/07/25 21:49:42 [notice] 1#1: worker process 39 exited with code 0
2023/07/25 21:49:42 [notice] 1#1: exit
2023/07/25 21:49:56 [notice] 1#1: using the "epoll" event method
2023/07/25 21:49:56 [notice] 1#1: nginx/1.24.0
2023/07/25 21:49:56 [notice] 1#1: built by gcc 12.2.1 20220924 (Alpine 12.2.1_git20220924-r4) 
2023/07/25 21:49:56 [notice] 1#1: OS: Linux 5.10.102.1-microsoft-standard-WSL2
2023/07/25 21:49:56 [notice] 1#1: getrlimit(RLIMIT_NOFILE): 1048576:1048576
2023/07/25 21:49:56 [notice] 1#1: start worker processes
2023/07/25 21:49:56 [notice] 1#1: start worker process 29
2023/07/25 21:49:56 [notice] 1#1: start worker process 30
2023/07/25 21:49:56 [notice] 1#1: start worker process 31
2023/07/25 21:49:56 [notice] 1#1: start worker process 32
2023/07/25 21:49:56 [notice] 1#1: start worker process 33
2023/07/25 21:49:56 [notice] 1#1: start worker process 34
2023/07/25 21:49:56 [notice] 1#1: start worker process 35
2023/07/25 21:49:56 [notice] 1#1: start worker process 36
2023/07/25 21:49:56 [notice] 1#1: start worker process 37
2023/07/25 21:49:56 [notice] 1#1: start worker process 38
2023/07/25 21:49:56 [notice] 1#1: start worker process 39
2023/07/25 21:49:56 [notice] 1#1: start worker process 40
2023/07/25 21:49:56 [notice] 1#1: start worker process 41
2023/07/25 21:49:56 [notice] 1#1: start worker process 42
2023/07/25 21:49:56 [notice] 1#1: start worker process 43
2023/07/25 21:49:56 [notice] 1#1: start worker process 44
2023/07/25 21:51:33 [notice] 1#1: signal 3 (SIGQUIT) received, shutting down
2023/07/25 21:51:33 [notice] 29#29: gracefully shutting down
2023/07/25 21:51:33 [notice] 39#39: gracefully shutting down
2023/07/25 21:51:33 [notice] 30#30: gracefully shutting down
2023/07/25 21:51:33 [notice] 30#30: exiting
2023/07/25 21:51:33 [notice] 31#31: gracefully shutting down
2023/07/25 21:51:33 [notice] 32#32: gracefully shutting down
2023/07/25 21:51:33 [notice] 33#33: gracefully shutting down
2023/07/25 21:51:33 [notice] 34#34: gracefully shutting down
2023/07/25 21:51:33 [notice] 35#35: gracefully shutting down
2023/07/25 21:51:33 [notice] 36#36: gracefully shutting down
2023/07/25 21:51:33 [notice] 38#38: gracefully shutting down
2023/07/25 21:51:33 [notice] 40#40: gracefully shutting down
2023/07/25 21:51:33 [notice] 29#29: exiting
2023/07/25 21:51:33 [notice] 41#41: gracefully shutting down
2023/07/25 21:51:33 [notice] 37#37: gracefully shutting down
2023/07/25 21:51:33 [notice] 42#42: gracefully shutting down
2023/07/25 21:51:33 [notice] 43#43: gracefully shutting down
2023/07/25 21:51:33 [notice] 44#44: gracefully shutting down
2023/07/25 21:51:33 [notice] 39#39: exiting
2023/07/25 21:51:33 [notice] 31#31: exiting
2023/07/25 21:51:33 [notice] 30#30: exit
2023/07/25 21:51:33 [notice] 32#32: exiting
2023/07/25 21:51:33 [notice] 33#33: exiting
2023/07/25 21:51:33 [notice] 34#34: exiting
2023/07/25 21:51:33 [notice] 35#35: exiting
2023/07/25 21:51:33 [notice] 34#34: exit
2023/07/25 21:51:33 [notice] 36#36: exiting
2023/07/25 21:51:33 [notice] 38#38: exiting
2023/07/25 21:51:33 [notice] 36#36: exit
2023/07/25 21:51:33 [notice] 40#40: exiting
2023/07/25 21:51:33 [notice] 41#41: exiting
2023/07/25 21:51:33 [notice] 40#40: exit
2023/07/25 21:51:33 [notice] 29#29: exit
2023/07/25 21:51:33 [notice] 37#37: exiting
2023/07/25 21:51:33 [notice] 42#42: exiting
2023/07/25 21:51:33 [notice] 43#43: exiting
2023/07/25 21:51:33 [notice] 42#42: exit
2023/07/25 21:51:33 [notice] 44#44: exiting
2023/07/25 21:51:33 [notice] 39#39: exit
2023/07/25 21:51:33 [notice] 31#31: exit
2023/07/25 21:51:33 [notice] 32#32: exit
2023/07/25 21:51:33 [notice] 33#33: exit
2023/07/25 21:51:33 [notice] 35#35: exit
2023/07/25 21:51:33 [notice] 38#38: exit
2023/07/25 21:51:33 [notice] 41#41: exit
2023/07/25 21:51:33 [notice] 37#37: exit
2023/07/25 21:51:33 [notice] 43#43: exit
2023/07/25 21:51:33 [notice] 44#44: exit
2023/07/25 21:51:34 [notice] 1#1: signal 17 (SIGCHLD) received from 36
2023/07/25 21:51:34 [notice] 1#1: worker process 30 exited with code 0
2023/07/25 21:51:34 [notice] 1#1: worker process 36 exited with code 0
2023/07/25 21:51:34 [notice] 1#1: worker process 37 exited with code 0
2023/07/25 21:51:34 [notice] 1#1: signal 29 (SIGIO) received
2023/07/25 21:51:34 [notice] 1#1: signal 17 (SIGCHLD) received from 31
2023/07/25 21:51:34 [notice] 1#1: worker process 29 exited with code 0
2023/07/25 21:51:34 [notice] 1#1: worker process 31 exited with code 0
2023/07/25 21:51:34 [notice] 1#1: worker process 32 exited with code 0
2023/07/25 21:51:34 [notice] 1#1: worker process 33 exited with code 0
2023/07/25 21:51:34 [notice] 1#1: worker process 34 exited with code 0
2023/07/25 21:51:34 [notice] 1#1: worker process 35 exited with code 0
2023/07/25 21:51:34 [notice] 1#1: worker process 39 exited with code 0
2023/07/25 21:51:34 [notice] 1#1: worker process 40 exited with code 0
2023/07/25 21:51:34 [notice] 1#1: worker process 41 exited with code 0
2023/07/25 21:51:34 [notice] 1#1: worker process 42 exited with code 0
2023/07/25 21:51:34 [notice] 1#1: worker process 43 exited with code 0
2023/07/25 21:51:34 [notice] 1#1: signal 29 (SIGIO) received
2023/07/25 21:51:34 [notice] 1#1: signal 17 (SIGCHLD) received from 29
2023/07/25 21:51:34 [notice] 1#1: signal 17 (SIGCHLD) received from 44
2023/07/25 21:51:34 [notice] 1#1: worker process 38 exited with code 0
2023/07/25 21:51:34 [notice] 1#1: worker process 44 exited with code 0
2023/07/25 21:51:34 [notice] 1#1: exit
2023/07/25 21:51:47 [notice] 1#1: using the "epoll" event method
2023/07/25 21:51:47 [notice] 1#1: nginx/1.24.0
2023/07/25 21:51:47 [notice] 1#1: built by gcc 12.2.1 20220924 (Alpine 12.2.1_git20220924-r4) 
2023/07/25 21:51:47 [notice] 1#1: OS: Linux 5.10.102.1-microsoft-standard-WSL2
2023/07/25 21:51:47 [notice] 1#1: getrlimit(RLIMIT_NOFILE): 1048576:1048576
2023/07/25 21:51:47 [notice] 1#1: start worker processes
2023/07/25 21:51:47 [notice] 1#1: start worker process 30
2023/07/25 21:51:47 [notice] 1#1: start worker process 31
2023/07/25 21:51:47 [notice] 1#1: start worker process 32
2023/07/25 21:51:47 [notice] 1#1: start worker process 33
2023/07/25 21:51:47 [notice] 1#1: start worker process 34
2023/07/25 21:51:47 [notice] 1#1: start worker process 35
2023/07/25 21:51:47 [notice] 1#1: start worker process 36
2023/07/25 21:51:47 [notice] 1#1: start worker process 37
2023/07/25 21:51:47 [notice] 1#1: start worker process 38
2023/07/25 21:51:47 [notice] 1#1: start worker process 39
2023/07/25 21:51:47 [notice] 1#1: start worker process 40
2023/07/25 21:51:47 [notice] 1#1: start worker process 41
2023/07/25 21:51:47 [notice] 1#1: start worker process 42
2023/07/25 21:51:47 [notice] 1#1: start worker process 43
2023/07/25 21:51:47 [notice] 1#1: start worker process 44
2023/07/25 21:51:47 [notice] 1#1: start worker process 45
2023/07/25 21:54:06 [notice] 1#1: signal 3 (SIGQUIT) received, shutting down
2023/07/25 21:54:06 [notice] 30#30: gracefully shutting down
2023/07/25 21:54:06 [notice] 39#39: gracefully shutting down
2023/07/25 21:54:06 [notice] 31#31: gracefully shutting down
2023/07/25 21:54:06 [notice] 32#32: gracefully shutting down
2023/07/25 21:54:06 [notice] 33#33: gracefully shutting down
2023/07/25 21:54:06 [notice] 34#34: gracefully shutting down
2023/07/25 21:54:06 [notice] 35#35: gracefully shutting down
2023/07/25 21:54:06 [notice] 36#36: gracefully shutting down
2023/07/25 21:54:06 [notice] 38#38: gracefully shutting down
2023/07/25 21:54:06 [notice] 37#37: gracefully shutting down
2023/07/25 21:54:06 [notice] 40#40: gracefully shutting down
2023/07/25 21:54:06 [notice] 41#41: gracefully shutting down
2023/07/25 21:54:06 [notice] 30#30: exiting
2023/07/25 21:54:06 [notice] 43#43: gracefully shutting down
2023/07/25 21:54:06 [notice] 42#42: gracefully shutting down
2023/07/25 21:54:06 [notice] 44#44: gracefully shutting down
2023/07/25 21:54:06 [notice] 45#45: gracefully shutting down
2023/07/25 21:54:06 [notice] 39#39: exiting
2023/07/25 21:54:06 [notice] 31#31: exiting
2023/07/25 21:54:06 [notice] 32#32: exiting
2023/07/25 21:54:06 [notice] 31#31: exit
2023/07/25 21:54:06 [notice] 33#33: exiting
2023/07/25 21:54:06 [notice] 34#34: exiting
2023/07/25 21:54:06 [notice] 35#35: exiting
2023/07/25 21:54:06 [notice] 36#36: exiting
2023/07/25 21:54:06 [notice] 38#38: exiting
2023/07/25 21:54:06 [notice] 37#37: exiting
2023/07/25 21:54:06 [notice] 38#38: exit
2023/07/25 21:54:06 [notice] 40#40: exiting
2023/07/25 21:54:06 [notice] 41#41: exiting
2023/07/25 21:54:06 [notice] 43#43: exiting
2023/07/25 21:54:06 [notice] 30#30: exit
2023/07/25 21:54:06 [notice] 42#42: exiting
2023/07/25 21:54:06 [notice] 44#44: exiting
2023/07/25 21:54:06 [notice] 45#45: exiting
2023/07/25 21:54:06 [notice] 39#39: exit
2023/07/25 21:54:06 [notice] 45#45: exit
2023/07/25 21:54:06 [notice] 32#32: exit
2023/07/25 21:54:06 [notice] 33#33: exit
2023/07/25 21:54:06 [notice] 34#34: exit
2023/07/25 21:54:06 [notice] 35#35: exit
2023/07/25 21:54:06 [notice] 36#36: exit
2023/07/25 21:54:06 [notice] 37#37: exit
2023/07/25 21:54:06 [notice] 40#40: exit
2023/07/25 21:54:06 [notice] 41#41: exit
2023/07/25 21:54:06 [notice] 43#43: exit
2023/07/25 21:54:06 [notice] 42#42: exit
2023/07/25 21:54:06 [notice] 44#44: exit
2023/07/25 21:54:06 [notice] 1#1: signal 17 (SIGCHLD) received from 37
2023/07/25 21:54:06 [notice] 1#1: worker process 30 exited with code 0
2023/07/25 21:54:06 [notice] 1#1: worker process 31 exited with code 0
2023/07/25 21:54:06 [notice] 1#1: worker process 32 exited with code 0
2023/07/25 21:54:06 [notice] 1#1: worker process 33 exited with code 0
2023/07/25 21:54:06 [notice] 1#1: worker process 34 exited with code 0
2023/07/25 21:54:06 [notice] 1#1: worker process 37 exited with code 0
2023/07/25 21:54:06 [notice] 1#1: worker process 38 exited with code 0
2023/07/25 21:54:06 [notice] 1#1: worker process 39 exited with code 0
2023/07/25 21:54:06 [notice] 1#1: worker process 40 exited with code 0
2023/07/25 21:54:06 [notice] 1#1: worker process 42 exited with code 0
2023/07/25 21:54:06 [notice] 1#1: worker process 43 exited with code 0
2023/07/25 21:54:06 [notice] 1#1: signal 29 (SIGIO) received
2023/07/25 21:54:06 [notice] 1#1: signal 17 (SIGCHLD) received from 39
2023/07/25 21:54:06 [notice] 1#1: signal 17 (SIGCHLD) received from 41
2023/07/25 21:54:06 [notice] 1#1: worker process 41 exited with code 0
2023/07/25 21:54:06 [notice] 1#1: worker process 44 exited with code 0
2023/07/25 21:54:06 [notice] 1#1: worker process 45 exited with code 0
2023/07/25 21:54:06 [notice] 1#1: signal 29 (SIGIO) received
2023/07/25 21:54:06 [notice] 1#1: signal 17 (SIGCHLD) received from 44
2023/07/25 21:54:06 [notice] 1#1: signal 17 (SIGCHLD) received from 35
2023/07/25 21:54:06 [notice] 1#1: worker process 35 exited with code 0
2023/07/25 21:54:06 [notice] 1#1: signal 29 (SIGIO) received
2023/07/25 21:54:06 [notice] 1#1: signal 17 (SIGCHLD) received from 36
2023/07/25 21:54:06 [notice] 1#1: worker process 36 exited with code 0
2023/07/25 21:54:06 [notice] 1#1: exit
2023/07/25 21:54:19 [notice] 1#1: using the "epoll" event method
2023/07/25 21:54:19 [notice] 1#1: nginx/1.24.0
2023/07/25 21:54:19 [notice] 1#1: built by gcc 12.2.1 20220924 (Alpine 12.2.1_git20220924-r4) 
2023/07/25 21:54:19 [notice] 1#1: OS: Linux 5.10.102.1-microsoft-standard-WSL2
2023/07/25 21:54:19 [notice] 1#1: getrlimit(RLIMIT_NOFILE): 1048576:1048576
2023/07/25 21:54:19 [notice] 1#1: start worker processes
2023/07/25 21:54:19 [notice] 1#1: start worker process 29
2023/07/25 21:54:19 [notice] 1#1: start worker process 30
2023/07/25 21:54:19 [notice] 1#1: start worker process 31
2023/07/25 21:54:19 [notice] 1#1: start worker process 32
2023/07/25 21:54:19 [notice] 1#1: start worker process 33
2023/07/25 21:54:19 [notice] 1#1: start worker process 34
2023/07/25 21:54:19 [notice] 1#1: start worker process 35
2023/07/25 21:54:19 [notice] 1#1: start worker process 36
2023/07/25 21:54:19 [notice] 1#1: start worker process 37
2023/07/25 21:54:19 [notice] 1#1: start worker process 38
2023/07/25 21:54:19 [notice] 1#1: start worker process 39
2023/07/25 21:54:19 [notice] 1#1: start worker process 40
2023/07/25 21:54:19 [notice] 1#1: start worker process 41
2023/07/25 21:54:19 [notice] 1#1: start worker process 42
2023/07/25 21:54:19 [notice] 1#1: start worker process 43
2023/07/25 21:54:19 [notice] 1#1: start worker process 44
2023/07/25 21:55:53 [notice] 1#1: signal 3 (SIGQUIT) received, shutting down
2023/07/25 21:55:53 [notice] 29#29: gracefully shutting down
2023/07/25 21:55:53 [notice] 37#37: gracefully shutting down
2023/07/25 21:55:53 [notice] 30#30: gracefully shutting down
2023/07/25 21:55:53 [notice] 32#32: gracefully shutting down
2023/07/25 21:55:53 [notice] 31#31: gracefully shutting down
2023/07/25 21:55:53 [notice] 33#33: gracefully shutting down
2023/07/25 21:55:53 [notice] 34#34: gracefully shutting down
2023/07/25 21:55:53 [notice] 35#35: gracefully shutting down
2023/07/25 21:55:53 [notice] 36#36: gracefully shutting down
2023/07/25 21:55:53 [notice] 38#38: gracefully shutting down
2023/07/25 21:55:53 [notice] 39#39: gracefully shutting down
2023/07/25 21:55:53 [notice] 29#29: exiting
2023/07/25 21:55:53 [notice] 40#40: gracefully shutting down
2023/07/25 21:55:53 [notice] 41#41: gracefully shutting down
2023/07/25 21:55:53 [notice] 42#42: gracefully shutting down
2023/07/25 21:55:53 [notice] 43#43: gracefully shutting down
2023/07/25 21:55:53 [notice] 44#44: gracefully shutting down
2023/07/25 21:55:53 [notice] 37#37: exiting
2023/07/25 21:55:53 [notice] 30#30: exiting
2023/07/25 21:55:53 [notice] 37#37: exit
2023/07/25 21:55:53 [notice] 32#32: exiting
2023/07/25 21:55:53 [notice] 31#31: exiting
2023/07/25 21:55:53 [notice] 33#33: exiting
2023/07/25 21:55:53 [notice] 34#34: exiting
2023/07/25 21:55:53 [notice] 35#35: exiting
2023/07/25 21:55:53 [notice] 36#36: exiting
2023/07/25 21:55:53 [notice] 38#38: exiting
2023/07/25 21:55:53 [notice] 39#39: exiting
2023/07/25 21:55:53 [notice] 40#40: exiting
2023/07/25 21:55:53 [notice] 39#39: exit
2023/07/25 21:55:53 [notice] 29#29: exit
2023/07/25 21:55:53 [notice] 41#41: exiting
2023/07/25 21:55:53 [notice] 42#42: exiting
2023/07/25 21:55:53 [notice] 41#41: exit
2023/07/25 21:55:53 [notice] 43#43: exiting
2023/07/25 21:55:53 [notice] 44#44: exiting
2023/07/25 21:55:53 [notice] 43#43: exit
2023/07/25 21:55:53 [notice] 30#30: exit
2023/07/25 21:55:53 [notice] 32#32: exit
2023/07/25 21:55:53 [notice] 31#31: exit
2023/07/25 21:55:53 [notice] 33#33: exit
2023/07/25 21:55:53 [notice] 34#34: exit
2023/07/25 21:55:53 [notice] 35#35: exit
2023/07/25 21:55:53 [notice] 36#36: exit
2023/07/25 21:55:53 [notice] 38#38: exit
2023/07/25 21:55:53 [notice] 40#40: exit
2023/07/25 21:55:53 [notice] 42#42: exit
2023/07/25 21:55:53 [notice] 44#44: exit
2023/07/25 21:55:53 [notice] 1#1: signal 17 (SIGCHLD) received from 34
2023/07/25 21:55:53 [notice] 1#1: worker process 30 exited with code 0
2023/07/25 21:55:53 [notice] 1#1: worker process 34 exited with code 0
2023/07/25 21:55:53 [notice] 1#1: worker process 37 exited with code 0
2023/07/25 21:55:53 [notice] 1#1: worker process 38 exited with code 0
2023/07/25 21:55:53 [notice] 1#1: worker process 40 exited with code 0
2023/07/25 21:55:53 [notice] 1#1: worker process 43 exited with code 0
2023/07/25 21:55:53 [notice] 1#1: signal 29 (SIGIO) received
2023/07/25 21:55:53 [notice] 1#1: signal 17 (SIGCHLD) received from 30
2023/07/25 21:55:53 [notice] 1#1: signal 17 (SIGCHLD) received from 29
2023/07/25 21:55:53 [notice] 1#1: worker process 29 exited with code 0
2023/07/25 21:55:53 [notice] 1#1: worker process 35 exited with code 0
2023/07/25 21:55:53 [notice] 1#1: worker process 39 exited with code 0
2023/07/25 21:55:53 [notice] 1#1: worker process 42 exited with code 0
2023/07/25 21:55:53 [notice] 1#1: signal 29 (SIGIO) received
2023/07/25 21:55:53 [notice] 1#1: signal 17 (SIGCHLD) received from 35
2023/07/25 21:55:53 [notice] 1#1: signal 17 (SIGCHLD) received from 33
2023/07/25 21:55:53 [notice] 1#1: worker process 31 exited with code 0
2023/07/25 21:55:53 [notice] 1#1: worker process 33 exited with code 0
2023/07/25 21:55:53 [notice] 1#1: worker process 41 exited with code 0
2023/07/25 21:55:53 [notice] 1#1: signal 29 (SIGIO) received
2023/07/25 21:55:53 [notice] 1#1: signal 17 (SIGCHLD) received from 32
2023/07/25 21:55:53 [notice] 1#1: worker process 32 exited with code 0
2023/07/25 21:55:53 [notice] 1#1: worker process 36 exited with code 0
2023/07/25 21:55:53 [notice] 1#1: worker process 44 exited with code 0
2023/07/25 21:55:53 [notice] 1#1: exit
2023/07/25 22:07:03 [notice] 1#1: using the "epoll" event method
2023/07/25 22:07:03 [notice] 1#1: nginx/1.24.0
2023/07/25 22:07:03 [notice] 1#1: built by gcc 12.2.1 20220924 (Alpine 12.2.1_git20220924-r4) 
2023/07/25 22:07:03 [notice] 1#1: OS: Linux 5.10.102.1-microsoft-standard-WSL2
2023/07/25 22:07:03 [notice] 1#1: getrlimit(RLIMIT_NOFILE): 1048576:1048576
2023/07/25 22:07:03 [notice] 1#1: start worker processes
2023/07/25 22:07:03 [notice] 1#1: start worker process 29
2023/07/25 22:07:03 [notice] 1#1: start worker process 30
2023/07/25 22:07:03 [notice] 1#1: start worker process 31
2023/07/25 22:07:03 [notice] 1#1: start worker process 32
2023/07/25 22:07:03 [notice] 1#1: start worker process 33
2023/07/25 22:07:03 [notice] 1#1: start worker process 34
2023/07/25 22:07:03 [notice] 1#1: start worker process 35
2023/07/25 22:07:03 [notice] 1#1: start worker process 36
2023/07/25 22:07:03 [notice] 1#1: start worker process 37
2023/07/25 22:07:03 [notice] 1#1: start worker process 38
2023/07/25 22:07:03 [notice] 1#1: start worker process 39
2023/07/25 22:07:03 [notice] 1#1: start worker process 40
2023/07/25 22:07:03 [notice] 1#1: start worker process 41
2023/07/25 22:07:03 [notice] 1#1: start worker process 42
2023/07/25 22:07:03 [notice] 1#1: start worker process 43
2023/07/25 22:07:03 [notice] 1#1: start worker process 44
2023/07/25 22:08:40 [notice] 1#1: signal 3 (SIGQUIT) received, shutting down
2023/07/25 22:08:40 [notice] 29#29: gracefully shutting down
2023/07/25 22:08:40 [notice] 39#39: gracefully shutting down
2023/07/25 22:08:40 [notice] 30#30: gracefully shutting down
2023/07/25 22:08:40 [notice] 30#30: exiting
2023/07/25 22:08:40 [notice] 31#31: gracefully shutting down
2023/07/25 22:08:40 [notice] 32#32: gracefully shutting down
2023/07/25 22:08:40 [notice] 33#33: gracefully shutting down
2023/07/25 22:08:40 [notice] 34#34: gracefully shutting down
2023/07/25 22:08:40 [notice] 35#35: gracefully shutting down
2023/07/25 22:08:40 [notice] 36#36: gracefully shutting down
2023/07/25 22:08:40 [notice] 37#37: gracefully shutting down
2023/07/25 22:08:40 [notice] 38#38: gracefully shutting down
2023/07/25 22:08:40 [notice] 29#29: exiting
2023/07/25 22:08:40 [notice] 40#40: gracefully shutting down
2023/07/25 22:08:40 [notice] 42#42: gracefully shutting down
2023/07/25 22:08:40 [notice] 42#42: exiting
2023/07/25 22:08:40 [notice] 43#43: gracefully shutting down
2023/07/25 22:08:40 [notice] 41#41: gracefully shutting down
2023/07/25 22:08:40 [notice] 44#44: gracefully shutting down
2023/07/25 22:08:40 [notice] 39#39: exiting
2023/07/25 22:08:40 [notice] 30#30: exit
2023/07/25 22:08:40 [notice] 39#39: exit
2023/07/25 22:08:40 [notice] 31#31: exiting
2023/07/25 22:08:40 [notice] 32#32: exiting
2023/07/25 22:08:40 [notice] 33#33: exiting
2023/07/25 22:08:40 [notice] 32#32: exit
2023/07/25 22:08:40 [notice] 34#34: exiting
2023/07/25 22:08:40 [notice] 35#35: exiting
2023/07/25 22:08:40 [notice] 34#34: exit
2023/07/25 22:08:40 [notice] 36#36: exiting
2023/07/25 22:08:40 [notice] 37#37: exiting
2023/07/25 22:08:40 [notice] 36#36: exit
2023/07/25 22:08:40 [notice] 38#38: exiting
2023/07/25 22:08:40 [notice] 40#40: exiting
2023/07/25 22:08:40 [notice] 38#38: exit
2023/07/25 22:08:40 [notice] 29#29: exit
2023/07/25 22:08:40 [notice] 42#42: exit
2023/07/25 22:08:40 [notice] 43#43: exiting
2023/07/25 22:08:40 [notice] 41#41: exiting
2023/07/25 22:08:40 [notice] 43#43: exit
2023/07/25 22:08:40 [notice] 44#44: exiting
2023/07/25 22:08:40 [notice] 31#31: exit
2023/07/25 22:08:40 [notice] 33#33: exit
2023/07/25 22:08:40 [notice] 35#35: exit
2023/07/25 22:08:40 [notice] 37#37: exit
2023/07/25 22:08:40 [notice] 40#40: exit
2023/07/25 22:08:40 [notice] 41#41: exit
2023/07/25 22:08:40 [notice] 44#44: exit
2023/07/25 22:08:40 [notice] 1#1: signal 17 (SIGCHLD) received from 40
2023/07/25 22:08:40 [notice] 1#1: worker process 31 exited with code 0
2023/07/25 22:08:40 [notice] 1#1: worker process 36 exited with code 0
2023/07/25 22:08:40 [notice] 1#1: worker process 40 exited with code 0
2023/07/25 22:08:40 [notice] 1#1: signal 29 (SIGIO) received
2023/07/25 22:08:40 [notice] 1#1: signal 17 (SIGCHLD) received from 44
2023/07/25 22:08:40 [notice] 1#1: worker process 32 exited with code 0
2023/07/25 22:08:40 [notice] 1#1: worker process 33 exited with code 0
2023/07/25 22:08:40 [notice] 1#1: worker process 35 exited with code 0
2023/07/25 22:08:40 [notice] 1#1: worker process 38 exited with code 0
2023/07/25 22:08:40 [notice] 1#1: worker process 39 exited with code 0
2023/07/25 22:08:40 [notice] 1#1: worker process 41 exited with code 0
2023/07/25 22:08:40 [notice] 1#1: worker process 43 exited with code 0
2023/07/25 22:08:40 [notice] 1#1: worker process 44 exited with code 0
2023/07/25 22:08:40 [notice] 1#1: signal 29 (SIGIO) received
2023/07/25 22:08:40 [notice] 1#1: signal 17 (SIGCHLD) received from 33
2023/07/25 22:08:40 [notice] 1#1: signal 17 (SIGCHLD) received from 30
2023/07/25 22:08:40 [notice] 1#1: worker process 30 exited with code 0
2023/07/25 22:08:40 [notice] 1#1: worker process 34 exited with code 0
2023/07/25 22:08:40 [notice] 1#1: signal 29 (SIGIO) received
2023/07/25 22:08:40 [notice] 1#1: signal 17 (SIGCHLD) received from 29
2023/07/25 22:08:40 [notice] 1#1: worker process 29 exited with code 0
2023/07/25 22:08:40 [notice] 1#1: worker process 37 exited with code 0
2023/07/25 22:08:40 [notice] 1#1: worker process 42 exited with code 0
2023/07/25 22:08:40 [notice] 1#1: exit
2023/07/25 22:08:53 [notice] 1#1: using the "epoll" event method
2023/07/25 22:08:53 [notice] 1#1: nginx/1.24.0
2023/07/25 22:08:53 [notice] 1#1: built by gcc 12.2.1 20220924 (Alpine 12.2.1_git20220924-r4) 
2023/07/25 22:08:53 [notice] 1#1: OS: Linux 5.10.102.1-microsoft-standard-WSL2
2023/07/25 22:08:53 [notice] 1#1: getrlimit(RLIMIT_NOFILE): 1048576:1048576
2023/07/25 22:08:53 [notice] 1#1: start worker processes
2023/07/25 22:08:53 [notice] 1#1: start worker process 30
2023/07/25 22:08:53 [notice] 1#1: start worker process 31
2023/07/25 22:08:53 [notice] 1#1: start worker process 32
2023/07/25 22:08:53 [notice] 1#1: start worker process 33
2023/07/25 22:08:53 [notice] 1#1: start worker process 34
2023/07/25 22:08:53 [notice] 1#1: start worker process 35
2023/07/25 22:08:53 [notice] 1#1: start worker process 36
2023/07/25 22:08:53 [notice] 1#1: start worker process 37
2023/07/25 22:08:53 [notice] 1#1: start worker process 38
2023/07/25 22:08:53 [notice] 1#1: start worker process 39
2023/07/25 22:08:53 [notice] 1#1: start worker process 40
2023/07/25 22:08:53 [notice] 1#1: start worker process 41
2023/07/25 22:08:53 [notice] 1#1: start worker process 42
2023/07/25 22:08:53 [notice] 1#1: start worker process 43
2023/07/25 22:08:53 [notice] 1#1: start worker process 44
2023/07/25 22:08:53 [notice] 1#1: start worker process 45
2023/07/25 22:10:03 [notice] 1#1: signal 3 (SIGQUIT) received, shutting down
2023/07/25 22:10:03 [notice] 30#30: gracefully shutting down
2023/07/25 22:10:03 [notice] 39#39: gracefully shutting down
2023/07/25 22:10:03 [notice] 31#31: gracefully shutting down
2023/07/25 22:10:03 [notice] 32#32: gracefully shutting down
2023/07/25 22:10:03 [notice] 33#33: gracefully shutting down
2023/07/25 22:10:03 [notice] 34#34: gracefully shutting down
2023/07/25 22:10:03 [notice] 35#35: gracefully shutting down
2023/07/25 22:10:03 [notice] 36#36: gracefully shutting down
2023/07/25 22:10:03 [notice] 37#37: gracefully shutting down
2023/07/25 22:10:03 [notice] 38#38: gracefully shutting down
2023/07/25 22:10:03 [notice] 40#40: gracefully shutting down
2023/07/25 22:10:03 [notice] 30#30: exiting
2023/07/25 22:10:03 [notice] 42#42: gracefully shutting down
2023/07/25 22:10:03 [notice] 41#41: gracefully shutting down
2023/07/25 22:10:03 [notice] 43#43: gracefully shutting down
2023/07/25 22:10:03 [notice] 44#44: gracefully shutting down
2023/07/25 22:10:03 [notice] 45#45: gracefully shutting down
2023/07/25 22:10:03 [notice] 39#39: exiting
2023/07/25 22:10:03 [notice] 31#31: exiting
2023/07/25 22:10:03 [notice] 39#39: exit
2023/07/25 22:10:03 [notice] 32#32: exiting
2023/07/25 22:10:03 [notice] 33#33: exiting
2023/07/25 22:10:03 [notice] 32#32: exit
2023/07/25 22:10:03 [notice] 34#34: exiting
2023/07/25 22:10:03 [notice] 35#35: exiting
2023/07/25 22:10:03 [notice] 34#34: exit
2023/07/25 22:10:03 [notice] 36#36: exiting
2023/07/25 22:10:03 [notice] 37#37: exiting
2023/07/25 22:10:03 [notice] 36#36: exit
2023/07/25 22:10:03 [notice] 38#38: exiting
2023/07/25 22:10:03 [notice] 40#40: exiting
2023/07/25 22:10:03 [notice] 38#38: exit
2023/07/25 22:10:03 [notice] 42#42: exiting
2023/07/25 22:10:03 [notice] 30#30: exit
2023/07/25 22:10:03 [notice] 42#42: exit
2023/07/25 22:10:03 [notice] 41#41: exiting
2023/07/25 22:10:03 [notice] 43#43: exiting
2023/07/25 22:10:03 [notice] 44#44: exiting
2023/07/25 22:10:03 [notice] 45#45: exiting
2023/07/25 22:10:03 [notice] 44#44: exit
2023/07/25 22:10:03 [notice] 31#31: exit
2023/07/25 22:10:03 [notice] 33#33: exit
2023/07/25 22:10:03 [notice] 35#35: exit
2023/07/25 22:10:03 [notice] 37#37: exit
2023/07/25 22:10:03 [notice] 40#40: exit
2023/07/25 22:10:03 [notice] 41#41: exit
2023/07/25 22:10:03 [notice] 43#43: exit
2023/07/25 22:10:03 [notice] 45#45: exit
2023/07/25 22:10:03 [notice] 1#1: signal 17 (SIGCHLD) received from 43
2023/07/25 22:10:03 [notice] 1#1: worker process 39 exited with code 0
2023/07/25 22:10:03 [notice] 1#1: worker process 43 exited with code 0
2023/07/25 22:10:03 [notice] 1#1: signal 29 (SIGIO) received
2023/07/25 22:10:03 [notice] 1#1: signal 17 (SIGCHLD) received from 40
2023/07/25 22:10:03 [notice] 1#1: worker process 30 exited with code 0
2023/07/25 22:10:03 [notice] 1#1: worker process 31 exited with code 0
2023/07/25 22:10:03 [notice] 1#1: worker process 33 exited with code 0
2023/07/25 22:10:03 [notice] 1#1: worker process 36 exited with code 0
2023/07/25 22:10:03 [notice] 1#1: worker process 37 exited with code 0
2023/07/25 22:10:03 [notice] 1#1: worker process 40 exited with code 0
2023/07/25 22:10:03 [notice] 1#1: worker process 41 exited with code 0
2023/07/25 22:10:03 [notice] 1#1: worker process 42 exited with code 0
2023/07/25 22:10:03 [notice] 1#1: worker process 44 exited with code 0
2023/07/25 22:10:03 [notice] 1#1: worker process 45 exited with code 0
2023/07/25 22:10:03 [notice] 1#1: signal 29 (SIGIO) received
2023/07/25 22:10:03 [notice] 1#1: signal 17 (SIGCHLD) received from 31
2023/07/25 22:10:03 [notice] 1#1: signal 17 (SIGCHLD) received from 38
2023/07/25 22:10:03 [notice] 1#1: worker process 32 exited with code 0
2023/07/25 22:10:03 [notice] 1#1: worker process 35 exited with code 0
2023/07/25 22:10:03 [notice] 1#1: worker process 38 exited with code 0
2023/07/25 22:10:03 [notice] 1#1: signal 29 (SIGIO) received
2023/07/25 22:10:03 [notice] 1#1: signal 17 (SIGCHLD) received from 32
2023/07/25 22:10:03 [notice] 1#1: signal 17 (SIGCHLD) received from 34
2023/07/25 22:10:03 [notice] 1#1: worker process 34 exited with code 0
2023/07/25 22:10:03 [notice] 1#1: exit
2023/07/25 22:10:16 [notice] 1#1: using the "epoll" event method
2023/07/25 22:10:16 [notice] 1#1: nginx/1.24.0
2023/07/25 22:10:16 [notice] 1#1: built by gcc 12.2.1 20220924 (Alpine 12.2.1_git20220924-r4) 
2023/07/25 22:10:16 [notice] 1#1: OS: Linux 5.10.102.1-microsoft-standard-WSL2
2023/07/25 22:10:16 [notice] 1#1: getrlimit(RLIMIT_NOFILE): 1048576:1048576
2023/07/25 22:10:16 [notice] 1#1: start worker processes
2023/07/25 22:10:16 [notice] 1#1: start worker process 29
2023/07/25 22:10:16 [notice] 1#1: start worker process 30
2023/07/25 22:10:16 [notice] 1#1: start worker process 31
2023/07/25 22:10:16 [notice] 1#1: start worker process 32
2023/07/25 22:10:16 [notice] 1#1: start worker process 33
2023/07/25 22:10:16 [notice] 1#1: start worker process 34
2023/07/25 22:10:16 [notice] 1#1: start worker process 35
2023/07/25 22:10:16 [notice] 1#1: start worker process 36
2023/07/25 22:10:16 [notice] 1#1: start worker process 37
2023/07/25 22:10:16 [notice] 1#1: start worker process 38
2023/07/25 22:10:16 [notice] 1#1: start worker process 39
2023/07/25 22:10:16 [notice] 1#1: start worker process 40
2023/07/25 22:10:16 [notice] 1#1: start worker process 41
2023/07/25 22:10:16 [notice] 1#1: start worker process 42
2023/07/25 22:10:16 [notice] 1#1: start worker process 43
2023/07/25 22:10:16 [notice] 1#1: start worker process 44
2023/07/25 22:12:11 [notice] 1#1: signal 3 (SIGQUIT) received, shutting down
2023/07/25 22:12:11 [notice] 29#29: gracefully shutting down
2023/07/25 22:12:11 [notice] 38#38: gracefully shutting down
2023/07/25 22:12:11 [notice] 30#30: gracefully shutting down
2023/07/25 22:12:11 [notice] 31#31: gracefully shutting down
2023/07/25 22:12:11 [notice] 33#33: gracefully shutting down
2023/07/25 22:12:11 [notice] 32#32: gracefully shutting down
2023/07/25 22:12:11 [notice] 34#34: gracefully shutting down
2023/07/25 22:12:11 [notice] 35#35: gracefully shutting down
2023/07/25 22:12:11 [notice] 36#36: gracefully shutting down
2023/07/25 22:12:11 [notice] 37#37: gracefully shutting down
2023/07/25 22:12:11 [notice] 29#29: exiting
2023/07/25 22:12:11 [notice] 39#39: gracefully shutting down
2023/07/25 22:12:11 [notice] 40#40: gracefully shutting down
2023/07/25 22:12:11 [notice] 41#41: gracefully shutting down
2023/07/25 22:12:11 [notice] 43#43: gracefully shutting down
2023/07/25 22:12:11 [notice] 42#42: gracefully shutting down
2023/07/25 22:12:11 [notice] 44#44: gracefully shutting down
2023/07/25 22:12:11 [notice] 38#38: exiting
2023/07/25 22:12:11 [notice] 30#30: exiting
2023/07/25 22:12:11 [notice] 38#38: exit
2023/07/25 22:12:11 [notice] 31#31: exiting
2023/07/25 22:12:11 [notice] 33#33: exiting
2023/07/25 22:12:11 [notice] 31#31: exit
2023/07/25 22:12:11 [notice] 32#32: exiting
2023/07/25 22:12:11 [notice] 34#34: exiting
2023/07/25 22:12:11 [notice] 35#35: exiting
2023/07/25 22:12:11 [notice] 36#36: exiting
2023/07/25 22:12:11 [notice] 37#37: exiting
2023/07/25 22:12:11 [notice] 36#36: exit
2023/07/25 22:12:11 [notice] 39#39: exiting
2023/07/25 22:12:11 [notice] 29#29: exit
2023/07/25 22:12:11 [notice] 40#40: exiting
2023/07/25 22:12:11 [notice] 41#41: exiting
2023/07/25 22:12:11 [notice] 40#40: exit
2023/07/25 22:12:11 [notice] 43#43: exiting
2023/07/25 22:12:11 [notice] 42#42: exiting
2023/07/25 22:12:11 [notice] 43#43: exit
2023/07/25 22:12:11 [notice] 44#44: exiting
2023/07/25 22:12:11 [notice] 30#30: exit
2023/07/25 22:12:11 [notice] 44#44: exit
2023/07/25 22:12:11 [notice] 33#33: exit
2023/07/25 22:12:11 [notice] 32#32: exit
2023/07/25 22:12:11 [notice] 34#34: exit
2023/07/25 22:12:11 [notice] 35#35: exit
2023/07/25 22:12:11 [notice] 37#37: exit
2023/07/25 22:12:11 [notice] 39#39: exit
2023/07/25 22:12:11 [notice] 41#41: exit
2023/07/25 22:12:11 [notice] 42#42: exit
2023/07/25 22:12:11 [notice] 1#1: signal 17 (SIGCHLD) received from 40
2023/07/25 22:12:11 [notice] 1#1: worker process 29 exited with code 0
2023/07/25 22:12:11 [notice] 1#1: worker process 30 exited with code 0
2023/07/25 22:12:11 [notice] 1#1: worker process 32 exited with code 0
2023/07/25 22:12:11 [notice] 1#1: worker process 33 exited with code 0
2023/07/25 22:12:11 [notice] 1#1: worker process 34 exited with code 0
2023/07/25 22:12:11 [notice] 1#1: worker process 35 exited with code 0
2023/07/25 22:12:11 [notice] 1#1: worker process 36 exited with code 0
2023/07/25 22:12:11 [notice] 1#1: worker process 37 exited with code 0
2023/07/25 22:12:11 [notice] 1#1: worker process 38 exited with code 0
2023/07/25 22:12:11 [notice] 1#1: worker process 39 exited with code 0
2023/07/25 22:12:11 [notice] 1#1: worker process 40 exited with code 0
2023/07/25 22:12:11 [notice] 1#1: worker process 41 exited with code 0
2023/07/25 22:12:11 [notice] 1#1: worker process 42 exited with code 0
2023/07/25 22:12:11 [notice] 1#1: worker process 43 exited with code 0
2023/07/25 22:12:11 [notice] 1#1: worker process 44 exited with code 0
2023/07/25 22:12:11 [notice] 1#1: signal 29 (SIGIO) received
2023/07/25 22:12:11 [notice] 1#1: signal 17 (SIGCHLD) received from 30
2023/07/25 22:12:11 [notice] 1#1: signal 17 (SIGCHLD) received from 31
2023/07/25 22:12:11 [notice] 1#1: worker process 31 exited with code 0
2023/07/25 22:12:11 [notice] 1#1: exit
2023/07/25 22:12:25 [emerg] 1#1: "location" directive is not allowed here in /etc/nginx/conf.d/default.conf:1
2023/07/25 22:13:10 [emerg] 1#1: "location" directive is not allowed here in /etc/nginx/conf.d/default.conf:1
2023/07/25 22:13:44 [emerg] 1#1: "location" directive is not allowed here in /etc/nginx/conf.d/default.conf:1
2023/07/25 22:14:49 [emerg] 1#1: "location" directive is not allowed here in /etc/nginx/conf.d/default.conf:1
2023/07/25 22:15:01 [emerg] 1#1: "location" directive is not allowed here in /etc/nginx/conf.d/default.conf:1
2023/07/25 22:16:01 [notice] 1#1: using the "epoll" event method
2023/07/25 22:16:01 [notice] 1#1: nginx/1.24.0
2023/07/25 22:16:01 [notice] 1#1: built by gcc 12.2.1 20220924 (Alpine 12.2.1_git20220924-r4) 
2023/07/25 22:16:01 [notice] 1#1: OS: Linux 5.10.102.1-microsoft-standard-WSL2
2023/07/25 22:16:01 [notice] 1#1: getrlimit(RLIMIT_NOFILE): 1048576:1048576
2023/07/25 22:16:01 [notice] 1#1: start worker processes
2023/07/25 22:16:01 [notice] 1#1: start worker process 29
2023/07/25 22:16:01 [notice] 1#1: start worker process 30
2023/07/25 22:16:01 [notice] 1#1: start worker process 31
2023/07/25 22:16:01 [notice] 1#1: start worker process 32
2023/07/25 22:16:01 [notice] 1#1: start worker process 33
2023/07/25 22:16:01 [notice] 1#1: start worker process 34
2023/07/25 22:16:01 [notice] 1#1: start worker process 35
2023/07/25 22:16:01 [notice] 1#1: start worker process 36
2023/07/25 22:16:01 [notice] 1#1: start worker process 37
2023/07/25 22:16:01 [notice] 1#1: start worker process 38
2023/07/25 22:16:01 [notice] 1#1: start worker process 39
2023/07/25 22:16:01 [notice] 1#1: start worker process 40
2023/07/25 22:16:01 [notice] 1#1: start worker process 41
2023/07/25 22:16:01 [notice] 1#1: start worker process 42
2023/07/25 22:16:01 [notice] 1#1: start worker process 43
2023/07/25 22:16:01 [notice] 1#1: start worker process 44
2023/07/25 22:16:17 [notice] 1#1: signal 3 (SIGQUIT) received, shutting down
2023/07/25 22:16:17 [notice] 29#29: gracefully shutting down
2023/07/25 22:16:17 [notice] 37#37: gracefully shutting down
2023/07/25 22:16:17 [notice] 30#30: gracefully shutting down
2023/07/25 22:16:17 [notice] 31#31: gracefully shutting down
2023/07/25 22:16:17 [notice] 32#32: gracefully shutting down
2023/07/25 22:16:17 [notice] 33#33: gracefully shutting down
2023/07/25 22:16:17 [notice] 34#34: gracefully shutting down
2023/07/25 22:16:17 [notice] 35#35: gracefully shutting down
2023/07/25 22:16:17 [notice] 36#36: gracefully shutting down
2023/07/25 22:16:17 [notice] 38#38: gracefully shutting down
2023/07/25 22:16:17 [notice] 39#39: gracefully shutting down
2023/07/25 22:16:17 [notice] 29#29: exiting
2023/07/25 22:16:17 [notice] 40#40: gracefully shutting down
2023/07/25 22:16:17 [notice] 41#41: gracefully shutting down
2023/07/25 22:16:17 [notice] 42#42: gracefully shutting down
2023/07/25 22:16:17 [notice] 43#43: gracefully shutting down
2023/07/25 22:16:17 [notice] 44#44: gracefully shutting down
2023/07/25 22:16:17 [notice] 37#37: exiting
2023/07/25 22:16:17 [notice] 30#30: exiting
2023/07/25 22:16:17 [notice] 37#37: exit
2023/07/25 22:16:17 [notice] 31#31: exiting
2023/07/25 22:16:17 [notice] 32#32: exiting
2023/07/25 22:16:17 [notice] 33#33: exiting
2023/07/25 22:16:17 [notice] 34#34: exiting
2023/07/25 22:16:17 [notice] 35#35: exiting
2023/07/25 22:16:17 [notice] 34#34: exit
2023/07/25 22:16:17 [notice] 36#36: exiting
2023/07/25 22:16:17 [notice] 38#38: exiting
2023/07/25 22:16:17 [notice] 36#36: exit
2023/07/25 22:16:17 [notice] 39#39: exiting
2023/07/25 22:16:17 [notice] 40#40: exiting
2023/07/25 22:16:17 [notice] 29#29: exit
2023/07/25 22:16:17 [notice] 40#40: exit
2023/07/25 22:16:17 [notice] 41#41: exiting
2023/07/25 22:16:17 [notice] 42#42: exiting
2023/07/25 22:16:17 [notice] 43#43: exiting
2023/07/25 22:16:17 [notice] 42#42: exit
2023/07/25 22:16:17 [notice] 44#44: exiting
2023/07/25 22:16:17 [notice] 30#30: exit
2023/07/25 22:16:17 [notice] 31#31: exit
2023/07/25 22:16:17 [notice] 32#32: exit
2023/07/25 22:16:17 [notice] 33#33: exit
2023/07/25 22:16:17 [notice] 35#35: exit
2023/07/25 22:16:17 [notice] 38#38: exit
2023/07/25 22:16:17 [notice] 39#39: exit
2023/07/25 22:16:17 [notice] 41#41: exit
2023/07/25 22:16:17 [notice] 43#43: exit
2023/07/25 22:16:17 [notice] 44#44: exit
2023/07/25 22:16:17 [notice] 1#1: signal 17 (SIGCHLD) received from 43
2023/07/25 22:16:33 [notice] 1#1: using the "epoll" event method
2023/07/25 22:16:33 [notice] 1#1: nginx/1.24.0
2023/07/25 22:16:33 [notice] 1#1: built by gcc 12.2.1 20220924 (Alpine 12.2.1_git20220924-r4) 
2023/07/25 22:16:33 [notice] 1#1: OS: Linux 5.10.102.1-microsoft-standard-WSL2
2023/07/25 22:16:33 [notice] 1#1: getrlimit(RLIMIT_NOFILE): 1048576:1048576
2023/07/25 22:16:33 [notice] 1#1: start worker processes
2023/07/25 22:16:33 [notice] 1#1: start worker process 29
2023/07/25 22:16:33 [notice] 1#1: start worker process 30
2023/07/25 22:16:33 [notice] 1#1: start worker process 31
2023/07/25 22:16:33 [notice] 1#1: start worker process 32
2023/07/25 22:16:33 [notice] 1#1: start worker process 33
2023/07/25 22:16:33 [notice] 1#1: start worker process 34
2023/07/25 22:16:33 [notice] 1#1: start worker process 35
2023/07/25 22:16:33 [notice] 1#1: start worker process 36
2023/07/25 22:16:33 [notice] 1#1: start worker process 37
2023/07/25 22:16:33 [notice] 1#1: start worker process 38
2023/07/25 22:16:33 [notice] 1#1: start worker process 39
2023/07/25 22:16:33 [notice] 1#1: start worker process 40
2023/07/25 22:16:33 [notice] 1#1: start worker process 41
2023/07/25 22:16:33 [notice] 1#1: start worker process 42
2023/07/25 22:16:33 [notice] 1#1: start worker process 43
2023/07/25 22:16:33 [notice] 1#1: start worker process 44
2023/07/25 22:19:50 [notice] 1#1: signal 3 (SIGQUIT) received, shutting down
2023/07/25 22:19:50 [notice] 29#29: gracefully shutting down
2023/07/25 22:19:50 [notice] 38#38: gracefully shutting down
2023/07/25 22:19:50 [notice] 30#30: gracefully shutting down
2023/07/25 22:19:50 [notice] 31#31: gracefully shutting down
2023/07/25 22:19:50 [notice] 32#32: gracefully shutting down
2023/07/25 22:19:50 [notice] 33#33: gracefully shutting down
2023/07/25 22:19:50 [notice] 35#35: gracefully shutting down
2023/07/25 22:19:50 [notice] 36#36: gracefully shutting down
2023/07/25 22:19:50 [notice] 34#34: gracefully shutting down
2023/07/25 22:19:50 [notice] 37#37: gracefully shutting down
2023/07/25 22:19:50 [notice] 39#39: gracefully shutting down
2023/07/25 22:19:50 [notice] 29#29: exiting
2023/07/25 22:19:50 [notice] 40#40: gracefully shutting down
2023/07/25 22:19:50 [notice] 41#41: gracefully shutting down
2023/07/25 22:19:50 [notice] 42#42: gracefully shutting down
2023/07/25 22:19:50 [notice] 43#43: gracefully shutting down
2023/07/25 22:19:50 [notice] 44#44: gracefully shutting down
2023/07/25 22:19:50 [notice] 38#38: exiting
2023/07/25 22:19:50 [notice] 30#30: exiting
2023/07/25 22:19:50 [notice] 38#38: exit
2023/07/25 22:19:50 [notice] 31#31: exiting
2023/07/25 22:19:50 [notice] 32#32: exiting
2023/07/25 22:19:50 [notice] 31#31: exit
2023/07/25 22:19:50 [notice] 33#33: exiting
2023/07/25 22:19:50 [notice] 35#35: exiting
2023/07/25 22:19:50 [notice] 33#33: exit
2023/07/25 22:19:50 [notice] 36#36: exiting
2023/07/25 22:19:50 [notice] 34#34: exiting
2023/07/25 22:19:50 [notice] 36#36: exit
2023/07/25 22:19:50 [notice] 37#37: exiting
2023/07/25 22:19:50 [notice] 39#39: exiting
2023/07/25 22:19:50 [notice] 37#37: exit
2023/07/25 22:19:50 [notice] 40#40: exiting
2023/07/25 22:19:50 [notice] 29#29: exit
2023/07/25 22:19:50 [notice] 41#41: exiting
2023/07/25 22:19:50 [notice] 42#42: exiting
2023/07/25 22:19:50 [notice] 41#41: exit
2023/07/25 22:19:50 [notice] 43#43: exiting
2023/07/25 22:19:50 [notice] 44#44: exiting
2023/07/25 22:19:50 [notice] 43#43: exit
2023/07/25 22:19:50 [notice] 30#30: exit
2023/07/25 22:19:50 [notice] 32#32: exit
2023/07/25 22:19:50 [notice] 35#35: exit
2023/07/25 22:19:50 [notice] 34#34: exit
2023/07/25 22:19:50 [notice] 39#39: exit
2023/07/25 22:19:50 [notice] 40#40: exit
2023/07/25 22:19:50 [notice] 42#42: exit
2023/07/25 22:19:50 [notice] 44#44: exit
2023/07/25 22:19:51 [notice] 1#1: signal 17 (SIGCHLD) received from 31
2023/07/25 22:19:51 [notice] 1#1: worker process 29 exited with code 0
2023/07/25 22:19:51 [notice] 1#1: worker process 31 exited with code 0
2023/07/25 22:19:51 [notice] 1#1: worker process 35 exited with code 0
2023/07/25 22:19:51 [notice] 1#1: worker process 43 exited with code 0
2023/07/25 22:19:51 [notice] 1#1: signal 29 (SIGIO) received
2023/07/25 22:19:51 [notice] 1#1: signal 17 (SIGCHLD) received from 35
2023/07/25 22:19:51 [notice] 1#1: signal 17 (SIGCHLD) received from 30
2023/07/25 22:19:51 [notice] 1#1: worker process 30 exited with code 0
2023/07/25 22:19:51 [notice] 1#1: worker process 42 exited with code 0
2023/07/25 22:19:51 [notice] 1#1: signal 29 (SIGIO) received
2023/07/25 22:19:51 [notice] 1#1: signal 17 (SIGCHLD) received from 40
2023/07/25 22:19:51 [notice] 1#1: worker process 32 exited with code 0
2023/07/25 22:19:51 [notice] 1#1: worker process 33 exited with code 0
2023/07/25 22:19:51 [notice] 1#1: worker process 34 exited with code 0
2023/07/25 22:19:51 [notice] 1#1: worker process 36 exited with code 0
2023/07/25 22:19:51 [notice] 1#1: worker process 37 exited with code 0
2023/07/25 22:19:51 [notice] 1#1: worker process 38 exited with code 0
2023/07/25 22:19:51 [notice] 1#1: worker process 39 exited with code 0
2023/07/25 22:19:51 [notice] 1#1: worker process 40 exited with code 0
2023/07/25 22:19:51 [notice] 1#1: worker process 41 exited with code 0
2023/07/25 22:19:51 [notice] 1#1: worker process 44 exited with code 0
2023/07/25 22:19:51 [notice] 1#1: exit
2023/07/25 22:20:04 [notice] 1#1: using the "epoll" event method
2023/07/25 22:20:04 [notice] 1#1: nginx/1.24.0
2023/07/25 22:20:04 [notice] 1#1: built by gcc 12.2.1 20220924 (Alpine 12.2.1_git20220924-r4) 
2023/07/25 22:20:04 [notice] 1#1: OS: Linux 5.10.102.1-microsoft-standard-WSL2
2023/07/25 22:20:04 [notice] 1#1: getrlimit(RLIMIT_NOFILE): 1048576:1048576
2023/07/25 22:20:04 [notice] 1#1: start worker processes
2023/07/25 22:20:04 [notice] 1#1: start worker process 29
2023/07/25 22:20:04 [notice] 1#1: start worker process 30
2023/07/25 22:20:04 [notice] 1#1: start worker process 31
2023/07/25 22:20:04 [notice] 1#1: start worker process 32
2023/07/25 22:20:04 [notice] 1#1: start worker process 33
2023/07/25 22:20:04 [notice] 1#1: start worker process 34
2023/07/25 22:20:04 [notice] 1#1: start worker process 35
2023/07/25 22:20:04 [notice] 1#1: start worker process 36
2023/07/25 22:20:04 [notice] 1#1: start worker process 37
2023/07/25 22:20:04 [notice] 1#1: start worker process 38
2023/07/25 22:20:04 [notice] 1#1: start worker process 39
2023/07/25 22:20:04 [notice] 1#1: start worker process 40
2023/07/25 22:20:04 [notice] 1#1: start worker process 41
2023/07/25 22:20:04 [notice] 1#1: start worker process 42
2023/07/25 22:20:04 [notice] 1#1: start worker process 43
2023/07/25 22:20:04 [notice] 1#1: start worker process 44
2023/07/26 13:29:27 [notice] 1#1: signal 3 (SIGQUIT) received, shutting down
2023/07/26 13:29:27 [notice] 39#39: gracefully shutting down
2023/07/26 13:29:27 [notice] 37#37: gracefully shutting down
2023/07/26 13:29:27 [notice] 41#41: gracefully shutting down
2023/07/26 13:29:27 [notice] 38#38: gracefully shutting down
2023/07/26 13:29:27 [notice] 42#42: gracefully shutting down
2023/07/26 13:29:27 [notice] 40#40: gracefully shutting down
2023/07/26 13:29:27 [notice] 32#32: gracefully shutting down
2023/07/26 13:29:27 [notice] 35#35: gracefully shutting down
2023/07/26 13:29:27 [notice] 30#30: gracefully shutting down
2023/07/26 13:29:27 [notice] 34#34: gracefully shutting down
2023/07/26 13:29:27 [notice] 31#31: gracefully shutting down
2023/07/26 13:29:27 [notice] 29#29: gracefully shutting down
2023/07/26 13:29:27 [notice] 33#33: gracefully shutting down
2023/07/26 13:29:27 [notice] 36#36: gracefully shutting down
2023/07/26 13:29:27 [notice] 44#44: gracefully shutting down
2023/07/26 13:29:27 [notice] 43#43: gracefully shutting down
2023/07/26 13:29:27 [notice] 39#39: exiting
2023/07/26 13:29:27 [notice] 37#37: exiting
2023/07/26 13:29:27 [notice] 41#41: exiting
2023/07/26 13:29:27 [notice] 38#38: exiting
2023/07/26 13:29:27 [notice] 42#42: exiting
2023/07/26 13:29:27 [notice] 40#40: exiting
2023/07/26 13:29:27 [notice] 43#43: exiting
2023/07/26 13:29:27 [notice] 32#32: exiting
2023/07/26 13:29:27 [notice] 30#30: exiting
2023/07/26 13:29:27 [notice] 35#35: exiting
2023/07/26 13:29:27 [notice] 31#31: exiting
2023/07/26 13:29:27 [notice] 29#29: exiting
2023/07/26 13:29:27 [notice] 34#34: exiting
2023/07/26 13:29:27 [notice] 36#36: exiting
2023/07/26 13:29:27 [notice] 33#33: exiting
2023/07/26 13:29:27 [notice] 29#29: exit
2023/07/26 13:29:27 [notice] 44#44: exiting
2023/07/26 13:29:27 [notice] 36#36: exit
2023/07/26 13:29:27 [notice] 39#39: exit
2023/07/26 13:29:27 [notice] 35#35: exit
2023/07/26 13:29:27 [notice] 43#43: exit
2023/07/26 13:29:27 [notice] 38#38: exit
2023/07/26 13:29:27 [notice] 42#42: exit
2023/07/26 13:29:27 [notice] 33#33: exit
2023/07/26 13:29:27 [notice] 31#31: exit
2023/07/26 13:29:27 [notice] 40#40: exit
2023/07/26 13:29:27 [notice] 37#37: exit
2023/07/26 13:29:27 [notice] 41#41: exit
2023/07/26 13:29:27 [notice] 32#32: exit
2023/07/26 13:29:27 [notice] 30#30: exit
2023/07/26 13:29:27 [notice] 34#34: exit
2023/07/26 13:29:27 [notice] 44#44: exit
2023/07/26 13:29:27 [notice] 1#1: signal 17 (SIGCHLD) received from 38
2023/07/26 13:29:27 [notice] 1#1: worker process 30 exited with code 0
2023/07/26 13:29:27 [notice] 1#1: worker process 33 exited with code 0
2023/07/26 13:29:27 [notice] 1#1: worker process 34 exited with code 0
2023/07/26 13:29:27 [notice] 1#1: worker process 37 exited with code 0
2023/07/26 13:29:27 [notice] 1#1: worker process 38 exited with code 0
2023/07/26 13:29:27 [notice] 1#1: worker process 43 exited with code 0
2023/07/26 13:29:27 [notice] 1#1: signal 29 (SIGIO) received
2023/07/26 13:29:27 [notice] 1#1: signal 17 (SIGCHLD) received from 33
2023/07/26 13:29:27 [notice] 1#1: signal 17 (SIGCHLD) received from 41
2023/07/26 13:29:27 [notice] 1#1: worker process 35 exited with code 0
2023/07/26 13:29:27 [notice] 1#1: worker process 36 exited with code 0
2023/07/26 13:29:27 [notice] 1#1: worker process 40 exited with code 0
2023/07/26 13:29:27 [notice] 1#1: worker process 41 exited with code 0
2023/07/26 13:29:27 [notice] 1#1: worker process 44 exited with code 0
2023/07/26 13:29:27 [notice] 1#1: signal 29 (SIGIO) received
2023/07/26 13:29:27 [notice] 1#1: signal 17 (SIGCHLD) received from 36
2023/07/26 13:29:28 [notice] 1#1: signal 17 (SIGCHLD) received from 29
2023/07/26 13:29:28 [notice] 1#1: worker process 29 exited with code 0
2023/07/26 13:29:28 [notice] 1#1: worker process 31 exited with code 0
2023/07/26 13:29:28 [notice] 1#1: worker process 39 exited with code 0
2023/07/26 13:29:28 [notice] 1#1: worker process 42 exited with code 0
2023/07/26 13:29:28 [notice] 1#1: signal 29 (SIGIO) received
2023/07/26 13:29:28 [notice] 1#1: signal 17 (SIGCHLD) received from 39
2023/07/26 13:29:28 [notice] 1#1: signal 17 (SIGCHLD) received from 32
2023/07/26 13:29:28 [notice] 1#1: worker process 32 exited with code 0
2023/07/26 13:29:28 [notice] 1#1: exit
2023/07/26 13:29:41 [notice] 1#1: using the "epoll" event method
2023/07/26 13:29:41 [notice] 1#1: nginx/1.24.0
2023/07/26 13:29:41 [notice] 1#1: built by gcc 12.2.1 20220924 (Alpine 12.2.1_git20220924-r4) 
2023/07/26 13:29:41 [notice] 1#1: OS: Linux 5.10.102.1-microsoft-standard-WSL2
2023/07/26 13:29:41 [notice] 1#1: getrlimit(RLIMIT_NOFILE): 1048576:1048576
2023/07/26 13:29:41 [notice] 1#1: start worker processes
2023/07/26 13:29:41 [notice] 1#1: start worker process 29
2023/07/26 13:29:41 [notice] 1#1: start worker process 30
2023/07/26 13:29:41 [notice] 1#1: start worker process 31
2023/07/26 13:29:41 [notice] 1#1: start worker process 32
2023/07/26 13:29:41 [notice] 1#1: start worker process 33
2023/07/26 13:29:41 [notice] 1#1: start worker process 34
2023/07/26 13:29:41 [notice] 1#1: start worker process 35
2023/07/26 13:29:41 [notice] 1#1: start worker process 36
2023/07/26 13:29:41 [notice] 1#1: start worker process 37
2023/07/26 13:29:41 [notice] 1#1: start worker process 38
2023/07/26 13:29:41 [notice] 1#1: start worker process 39
2023/07/26 13:29:41 [notice] 1#1: start worker process 40
2023/07/26 13:29:41 [notice] 1#1: start worker process 41
2023/07/26 13:29:41 [notice] 1#1: start worker process 42
2023/07/26 13:29:41 [notice] 1#1: start worker process 43
2023/07/26 13:29:41 [notice] 1#1: start worker process 44
2023/07/26 13:31:08 [notice] 1#1: signal 3 (SIGQUIT) received, shutting down
2023/07/26 13:31:08 [notice] 29#29: gracefully shutting down
2023/07/26 13:31:08 [notice] 41#41: gracefully shutting down
2023/07/26 13:31:08 [notice] 30#30: gracefully shutting down
2023/07/26 13:31:08 [notice] 32#32: gracefully shutting down
2023/07/26 13:31:08 [notice] 33#33: gracefully shutting down
2023/07/26 13:31:08 [notice] 31#31: gracefully shutting down
2023/07/26 13:31:08 [notice] 34#34: gracefully shutting down
2023/07/26 13:31:08 [notice] 35#35: gracefully shutting down
2023/07/26 13:31:08 [notice] 36#36: gracefully shutting down
2023/07/26 13:31:08 [notice] 38#38: gracefully shutting down
2023/07/26 13:31:08 [notice] 40#40: gracefully shutting down
2023/07/26 13:31:08 [notice] 39#39: gracefully shutting down
2023/07/26 13:31:08 [notice] 37#37: gracefully shutting down
2023/07/26 13:31:08 [notice] 42#42: gracefully shutting down
2023/07/26 13:31:08 [notice] 29#29: exiting
2023/07/26 13:31:08 [notice] 43#43: gracefully shutting down
2023/07/26 13:31:08 [notice] 44#44: gracefully shutting down
2023/07/26 13:31:08 [notice] 41#41: exiting
2023/07/26 13:31:08 [notice] 30#30: exiting
2023/07/26 13:31:08 [notice] 32#32: exiting
2023/07/26 13:31:08 [notice] 33#33: exiting
2023/07/26 13:31:08 [notice] 31#31: exiting
2023/07/26 13:31:08 [notice] 33#33: exit
2023/07/26 13:31:08 [notice] 34#34: exiting
2023/07/26 13:31:08 [notice] 35#35: exiting
2023/07/26 13:31:08 [notice] 36#36: exiting
2023/07/26 13:31:08 [notice] 38#38: exiting
2023/07/26 13:31:08 [notice] 40#40: exiting
2023/07/26 13:31:08 [notice] 39#39: exiting
2023/07/26 13:31:08 [notice] 37#37: exiting
2023/07/26 13:31:08 [notice] 39#39: exit
2023/07/26 13:31:08 [notice] 42#42: exiting
2023/07/26 13:31:08 [notice] 29#29: exit
2023/07/26 13:31:08 [notice] 43#43: exiting
2023/07/26 13:31:08 [notice] 44#44: exiting
2023/07/26 13:31:08 [notice] 43#43: exit
2023/07/26 13:31:08 [notice] 41#41: exit
2023/07/26 13:31:08 [notice] 30#30: exit
2023/07/26 13:31:08 [notice] 32#32: exit
2023/07/26 13:31:08 [notice] 31#31: exit
2023/07/26 13:31:08 [notice] 34#34: exit
2023/07/26 13:31:08 [notice] 35#35: exit
2023/07/26 13:31:08 [notice] 36#36: exit
2023/07/26 13:31:08 [notice] 38#38: exit
2023/07/26 13:31:08 [notice] 40#40: exit
2023/07/26 13:31:08 [notice] 37#37: exit
2023/07/26 13:31:08 [notice] 42#42: exit
2023/07/26 13:31:08 [notice] 44#44: exit
2023/07/26 13:31:08 [notice] 1#1: signal 17 (SIGCHLD) received from 33
2023/07/26 13:31:08 [notice] 1#1: worker process 29 exited with code 0
2023/07/26 13:31:08 [notice] 1#1: worker process 31 exited with code 0
2023/07/26 13:31:08 [notice] 1#1: worker process 32 exited with code 0
2023/07/26 13:31:08 [notice] 1#1: worker process 33 exited with code 0
2023/07/26 13:31:08 [notice] 1#1: worker process 34 exited with code 0
2023/07/26 13:31:08 [notice] 1#1: worker process 36 exited with code 0
2023/07/26 13:31:08 [notice] 1#1: worker process 37 exited with code 0
2023/07/26 13:31:08 [notice] 1#1: worker process 38 exited with code 0
2023/07/26 13:31:08 [notice] 1#1: worker process 39 exited with code 0
2023/07/26 13:31:08 [notice] 1#1: worker process 40 exited with code 0
2023/07/26 13:31:08 [notice] 1#1: worker process 41 exited with code 0
2023/07/26 13:31:08 [notice] 1#1: worker process 42 exited with code 0
2023/07/26 13:31:08 [notice] 1#1: worker process 44 exited with code 0
2023/07/26 13:31:08 [notice] 1#1: signal 29 (SIGIO) received
2023/07/26 13:31:08 [notice] 1#1: signal 17 (SIGCHLD) received from 34
2023/07/26 13:31:08 [notice] 1#1: signal 17 (SIGCHLD) received from 35
2023/07/26 13:31:08 [notice] 1#1: worker process 30 exited with code 0
2023/07/26 13:31:08 [notice] 1#1: worker process 35 exited with code 0
2023/07/26 13:31:08 [notice] 1#1: worker process 43 exited with code 0
2023/07/26 13:31:08 [notice] 1#1: exit
2023/07/26 13:31:21 [notice] 1#1: using the "epoll" event method
2023/07/26 13:31:21 [notice] 1#1: nginx/1.24.0
2023/07/26 13:31:21 [notice] 1#1: built by gcc 12.2.1 20220924 (Alpine 12.2.1_git20220924-r4) 
2023/07/26 13:31:21 [notice] 1#1: OS: Linux 5.10.102.1-microsoft-standard-WSL2
2023/07/26 13:31:21 [notice] 1#1: getrlimit(RLIMIT_NOFILE): 1048576:1048576
2023/07/26 13:31:21 [notice] 1#1: start worker processes
2023/07/26 13:31:21 [notice] 1#1: start worker process 29
2023/07/26 13:31:21 [notice] 1#1: start worker process 30
2023/07/26 13:31:21 [notice] 1#1: start worker process 31
2023/07/26 13:31:21 [notice] 1#1: start worker process 32
2023/07/26 13:31:21 [notice] 1#1: start worker process 33
2023/07/26 13:31:21 [notice] 1#1: start worker process 34
2023/07/26 13:31:21 [notice] 1#1: start worker process 35
2023/07/26 13:31:21 [notice] 1#1: start worker process 36
2023/07/26 13:31:21 [notice] 1#1: start worker process 37
2023/07/26 13:31:21 [notice] 1#1: start worker process 38
2023/07/26 13:31:21 [notice] 1#1: start worker process 39
2023/07/26 13:31:21 [notice] 1#1: start worker process 40
2023/07/26 13:31:21 [notice] 1#1: start worker process 41
2023/07/26 13:31:21 [notice] 1#1: start worker process 42
2023/07/26 13:31:21 [notice] 1#1: start worker process 43
2023/07/26 13:31:21 [notice] 1#1: start worker process 44
2023/07/26 13:36:44 [notice] 1#1: signal 3 (SIGQUIT) received, shutting down
2023/07/26 13:36:44 [notice] 29#29: gracefully shutting down
2023/07/26 13:36:44 [notice] 39#39: gracefully shutting down
2023/07/26 13:36:44 [notice] 30#30: gracefully shutting down
2023/07/26 13:36:44 [notice] 31#31: gracefully shutting down
2023/07/26 13:36:44 [notice] 32#32: gracefully shutting down
2023/07/26 13:36:44 [notice] 33#33: gracefully shutting down
2023/07/26 13:36:44 [notice] 34#34: gracefully shutting down
2023/07/26 13:36:44 [notice] 35#35: gracefully shutting down
2023/07/26 13:36:44 [notice] 36#36: gracefully shutting down
2023/07/26 13:36:44 [notice] 37#37: gracefully shutting down
2023/07/26 13:36:44 [notice] 38#38: gracefully shutting down
2023/07/26 13:36:44 [notice] 40#40: gracefully shutting down
2023/07/26 13:36:44 [notice] 29#29: exiting
2023/07/26 13:36:44 [notice] 41#41: gracefully shutting down
2023/07/26 13:36:44 [notice] 42#42: gracefully shutting down
2023/07/26 13:36:44 [notice] 43#43: gracefully shutting down
2023/07/26 13:36:44 [notice] 44#44: gracefully shutting down
2023/07/26 13:36:44 [notice] 39#39: exiting
2023/07/26 13:36:44 [notice] 30#30: exiting
2023/07/26 13:36:44 [notice] 31#31: exiting
2023/07/26 13:36:44 [notice] 30#30: exit
2023/07/26 13:36:44 [notice] 32#32: exiting
2023/07/26 13:36:44 [notice] 33#33: exiting
2023/07/26 13:36:44 [notice] 32#32: exit
2023/07/26 13:36:44 [notice] 34#34: exiting
2023/07/26 13:36:44 [notice] 35#35: exiting
2023/07/26 13:36:44 [notice] 36#36: exiting
2023/07/26 13:36:44 [notice] 37#37: exiting
2023/07/26 13:36:44 [notice] 36#36: exit
2023/07/26 13:36:44 [notice] 38#38: exiting
2023/07/26 13:36:44 [notice] 40#40: exiting
2023/07/26 13:36:44 [notice] 41#41: exiting
2023/07/26 13:36:44 [notice] 29#29: exit
2023/07/26 13:36:44 [notice] 41#41: exit
2023/07/26 13:36:44 [notice] 42#42: exiting
2023/07/26 13:36:44 [notice] 43#43: exiting
2023/07/26 13:36:44 [notice] 42#42: exit
2023/07/26 13:36:44 [notice] 44#44: exiting
2023/07/26 13:36:44 [notice] 39#39: exit
2023/07/26 13:36:44 [notice] 44#44: exit
2023/07/26 13:36:44 [notice] 31#31: exit
2023/07/26 13:36:44 [notice] 33#33: exit
2023/07/26 13:36:44 [notice] 34#34: exit
2023/07/26 13:36:44 [notice] 35#35: exit
2023/07/26 13:36:44 [notice] 37#37: exit
2023/07/26 13:36:44 [notice] 38#38: exit
2023/07/26 13:36:44 [notice] 40#40: exit
2023/07/26 13:36:44 [notice] 43#43: exit
2023/07/26 13:36:44 [notice] 1#1: signal 17 (SIGCHLD) received from 39
2023/07/26 13:36:44 [notice] 1#1: worker process 29 exited with code 0
2023/07/26 13:36:44 [notice] 1#1: worker process 30 exited with code 0
2023/07/26 13:36:44 [notice] 1#1: worker process 31 exited with code 0
2023/07/26 13:36:44 [notice] 1#1: worker process 32 exited with code 0
2023/07/26 13:36:44 [notice] 1#1: worker process 34 exited with code 0
2023/07/26 13:36:44 [notice] 1#1: worker process 35 exited with code 0
2023/07/26 13:36:44 [notice] 1#1: worker process 36 exited with code 0
2023/07/26 13:36:44 [notice] 1#1: worker process 38 exited with code 0
2023/07/26 13:36:44 [notice] 1#1: worker process 39 exited with code 0
2023/07/26 13:36:44 [notice] 1#1: worker process 43 exited with code 0
2023/07/26 13:36:44 [notice] 1#1: signal 29 (SIGIO) received
2023/07/26 13:36:44 [notice] 1#1: signal 17 (SIGCHLD) received from 36
2023/07/26 13:36:44 [notice] 1#1: signal 17 (SIGCHLD) received from 33
2023/07/26 13:36:44 [notice] 1#1: worker process 33 exited with code 0
2023/07/26 13:36:44 [notice] 1#1: worker process 37 exited with code 0
2023/07/26 13:36:44 [notice] 1#1: worker process 41 exited with code 0
2023/07/26 13:36:44 [notice] 1#1: worker process 44 exited with code 0
2023/07/26 13:36:44 [notice] 1#1: signal 29 (SIGIO) received
2023/07/26 13:36:44 [notice] 1#1: signal 17 (SIGCHLD) received from 44
2023/07/26 13:36:44 [notice] 1#1: signal 17 (SIGCHLD) received from 42
2023/07/26 13:36:44 [notice] 1#1: worker process 40 exited with code 0
2023/07/26 13:36:44 [notice] 1#1: worker process 42 exited with code 0
2023/07/26 13:36:44 [notice] 1#1: exit
2023/07/26 13:36:59 [notice] 1#1: using the "epoll" event method
2023/07/26 13:36:59 [notice] 1#1: nginx/1.24.0
2023/07/26 13:36:59 [notice] 1#1: built by gcc 12.2.1 20220924 (Alpine 12.2.1_git20220924-r4) 
2023/07/26 13:36:59 [notice] 1#1: OS: Linux 5.10.102.1-microsoft-standard-WSL2
2023/07/26 13:36:59 [notice] 1#1: getrlimit(RLIMIT_NOFILE): 1048576:1048576
2023/07/26 13:36:59 [notice] 1#1: start worker processes
2023/07/26 13:36:59 [notice] 1#1: start worker process 29
2023/07/26 13:36:59 [notice] 1#1: start worker process 30
2023/07/26 13:36:59 [notice] 1#1: start worker process 31
2023/07/26 13:36:59 [notice] 1#1: start worker process 32
2023/07/26 13:36:59 [notice] 1#1: start worker process 33
2023/07/26 13:36:59 [notice] 1#1: start worker process 34
2023/07/26 13:36:59 [notice] 1#1: start worker process 35
2023/07/26 13:36:59 [notice] 1#1: start worker process 36
2023/07/26 13:36:59 [notice] 1#1: start worker process 37
2023/07/26 13:36:59 [notice] 1#1: start worker process 38
2023/07/26 13:36:59 [notice] 1#1: start worker process 39
2023/07/26 13:36:59 [notice] 1#1: start worker process 40
2023/07/26 13:36:59 [notice] 1#1: start worker process 41
2023/07/26 13:36:59 [notice] 1#1: start worker process 42
2023/07/26 13:36:59 [notice] 1#1: start worker process 43
2023/07/26 13:36:59 [notice] 1#1: start worker process 44
2023/07/27 09:14:36 [notice] 1#1: signal 3 (SIGQUIT) received, shutting down
2023/07/27 09:14:36 [notice] 29#29: gracefully shutting down
2023/07/27 09:14:36 [notice] 37#37: gracefully shutting down
2023/07/27 09:14:36 [notice] 30#30: gracefully shutting down
2023/07/27 09:14:36 [notice] 32#32: gracefully shutting down
2023/07/27 09:14:36 [notice] 32#32: exiting
2023/07/27 09:14:36 [notice] 31#31: gracefully shutting down
2023/07/27 09:14:36 [notice] 33#33: gracefully shutting down
2023/07/27 09:14:36 [notice] 34#34: gracefully shutting down
2023/07/27 09:14:36 [notice] 35#35: gracefully shutting down
2023/07/27 09:14:36 [notice] 36#36: gracefully shutting down
2023/07/27 09:14:36 [notice] 38#38: gracefully shutting down
2023/07/27 09:14:36 [notice] 29#29: exiting
2023/07/27 09:14:36 [notice] 39#39: gracefully shutting down
2023/07/27 09:14:36 [notice] 29#29: exit
2023/07/27 09:14:36 [notice] 40#40: gracefully shutting down
2023/07/27 09:14:36 [notice] 42#42: gracefully shutting down
2023/07/27 09:14:36 [notice] 41#41: gracefully shutting down
2023/07/27 09:14:36 [notice] 43#43: gracefully shutting down
2023/07/27 09:14:36 [notice] 37#37: exiting
2023/07/27 09:14:36 [notice] 44#44: gracefully shutting down
2023/07/27 09:14:36 [notice] 44#44: exiting
2023/07/27 09:14:36 [notice] 30#30: exiting
2023/07/27 09:14:36 [notice] 31#31: exiting
2023/07/27 09:14:36 [notice] 32#32: exit
2023/07/27 09:14:36 [notice] 33#33: exiting
2023/07/27 09:14:36 [notice] 34#34: exiting
2023/07/27 09:14:36 [notice] 35#35: exiting
2023/07/27 09:14:36 [notice] 34#34: exit
2023/07/27 09:14:36 [notice] 36#36: exiting
2023/07/27 09:14:36 [notice] 38#38: exiting
2023/07/27 09:14:36 [notice] 39#39: exiting
2023/07/27 09:14:36 [notice] 40#40: exiting
2023/07/27 09:14:36 [notice] 42#42: exiting
2023/07/27 09:14:36 [notice] 41#41: exiting
2023/07/27 09:14:36 [notice] 43#43: exiting
2023/07/27 09:14:36 [notice] 37#37: exit
2023/07/27 09:14:36 [notice] 44#44: exit
2023/07/27 09:14:36 [notice] 30#30: exit
2023/07/27 09:14:36 [notice] 31#31: exit
2023/07/27 09:14:36 [notice] 33#33: exit
2023/07/27 09:14:36 [notice] 35#35: exit
2023/07/27 09:14:36 [notice] 36#36: exit
2023/07/27 09:14:36 [notice] 38#38: exit
2023/07/27 09:14:36 [notice] 39#39: exit
2023/07/27 09:14:36 [notice] 40#40: exit
2023/07/27 09:14:36 [notice] 42#42: exit
2023/07/27 09:14:36 [notice] 41#41: exit
2023/07/27 09:14:36 [notice] 43#43: exit
2023/07/27 09:14:36 [notice] 1#1: signal 17 (SIGCHLD) received from 33
2023/07/27 09:14:36 [notice] 1#1: worker process 33 exited with code 0
2023/07/27 09:14:36 [notice] 1#1: signal 29 (SIGIO) received
2023/07/27 09:14:36 [notice] 1#1: signal 17 (SIGCHLD) received from 29
2023/07/27 09:14:36 [notice] 1#1: worker process 29 exited with code 0
2023/07/27 09:14:36 [notice] 1#1: worker process 32 exited with code 0
2023/07/27 09:14:36 [notice] 1#1: worker process 34 exited with code 0
2023/07/27 09:14:36 [notice] 1#1: worker process 37 exited with code 0
2023/07/27 09:14:36 [notice] 1#1: signal 29 (SIGIO) received
2023/07/27 09:14:36 [notice] 1#1: signal 17 (SIGCHLD) received from 37
2023/07/27 09:14:36 [notice] 1#1: signal 17 (SIGCHLD) received from 43
2023/07/27 09:14:36 [notice] 1#1: worker process 31 exited with code 0
2023/07/27 09:14:36 [notice] 1#1: worker process 36 exited with code 0
2023/07/27 09:14:36 [notice] 1#1: worker process 38 exited with code 0
2023/07/27 09:14:36 [notice] 1#1: worker process 42 exited with code 0
2023/07/27 09:14:36 [notice] 1#1: worker process 43 exited with code 0
2023/07/27 09:14:36 [notice] 1#1: worker process 44 exited with code 0
2023/07/27 09:14:36 [notice] 1#1: signal 29 (SIGIO) received
2023/07/27 09:14:36 [notice] 1#1: signal 17 (SIGCHLD) received from 42
2023/07/27 09:14:36 [notice] 1#1: signal 17 (SIGCHLD) received from 30
2023/07/27 09:14:36 [notice] 1#1: worker process 30 exited with code 0
2023/07/27 09:14:36 [notice] 1#1: worker process 39 exited with code 0
2023/07/27 09:14:36 [notice] 1#1: signal 29 (SIGIO) received
2023/07/27 09:14:36 [notice] 1#1: signal 17 (SIGCHLD) received from 41
2023/07/27 09:14:36 [notice] 1#1: worker process 35 exited with code 0
2023/07/27 09:14:36 [notice] 1#1: worker process 41 exited with code 0
2023/07/27 09:14:36 [notice] 1#1: signal 29 (SIGIO) received
2023/07/27 09:14:36 [notice] 1#1: signal 17 (SIGCHLD) received from 40
2023/07/27 09:14:36 [notice] 1#1: worker process 40 exited with code 0
2023/07/27 09:14:36 [notice] 1#1: exit
2023/07/27 09:14:57 [notice] 1#1: using the "epoll" event method
2023/07/27 09:14:57 [notice] 1#1: nginx/1.24.0
2023/07/27 09:14:57 [notice] 1#1: built by gcc 12.2.1 20220924 (Alpine 12.2.1_git20220924-r4) 
2023/07/27 09:14:57 [notice] 1#1: OS: Linux 5.10.102.1-microsoft-standard-WSL2
2023/07/27 09:14:57 [notice] 1#1: getrlimit(RLIMIT_NOFILE): 1048576:1048576
2023/07/27 09:14:57 [notice] 1#1: start worker processes
2023/07/27 09:14:57 [notice] 1#1: start worker process 29
2023/07/27 09:14:57 [notice] 1#1: start worker process 30
2023/07/27 09:14:57 [notice] 1#1: start worker process 31
2023/07/27 09:14:57 [notice] 1#1: start worker process 32
2023/07/27 09:14:57 [notice] 1#1: start worker process 33
2023/07/27 09:14:57 [notice] 1#1: start worker process 34
2023/07/27 09:14:57 [notice] 1#1: start worker process 35
2023/07/27 09:14:57 [notice] 1#1: start worker process 36
2023/07/27 09:14:57 [notice] 1#1: start worker process 37
2023/07/27 09:14:57 [notice] 1#1: start worker process 38
2023/07/27 09:14:57 [notice] 1#1: start worker process 39
2023/07/27 09:14:57 [notice] 1#1: start worker process 40
2023/07/27 09:14:57 [notice] 1#1: start worker process 41
2023/07/27 09:14:57 [notice] 1#1: start worker process 42
2023/07/27 09:14:57 [notice] 1#1: start worker process 43
2023/07/27 09:14:57 [notice] 1#1: start worker process 44
2023/07/27 12:14:58 [notice] 1#1: signal 3 (SIGQUIT) received, shutting down
2023/07/27 12:14:58 [notice] 29#29: gracefully shutting down
2023/07/27 12:14:58 [notice] 37#37: gracefully shutting down
2023/07/27 12:14:58 [notice] 30#30: gracefully shutting down
2023/07/27 12:14:58 [notice] 31#31: gracefully shutting down
2023/07/27 12:14:58 [notice] 32#32: gracefully shutting down
2023/07/27 12:14:58 [notice] 33#33: gracefully shutting down
2023/07/27 12:14:58 [notice] 34#34: gracefully shutting down
2023/07/27 12:14:58 [notice] 35#35: gracefully shutting down
2023/07/27 12:14:58 [notice] 36#36: gracefully shutting down
2023/07/27 12:14:58 [notice] 38#38: gracefully shutting down
2023/07/27 12:14:58 [notice] 38#38: exiting
2023/07/27 12:14:58 [notice] 39#39: gracefully shutting down
2023/07/27 12:14:58 [notice] 29#29: exiting
2023/07/27 12:14:58 [notice] 40#40: gracefully shutting down
2023/07/27 12:14:58 [notice] 29#29: exit
2023/07/27 12:14:58 [notice] 41#41: gracefully shutting down
2023/07/27 12:14:58 [notice] 42#42: gracefully shutting down
2023/07/27 12:14:58 [notice] 43#43: gracefully shutting down
2023/07/27 12:14:58 [notice] 43#43: exiting
2023/07/27 12:14:58 [notice] 44#44: gracefully shutting down
2023/07/27 12:14:58 [notice] 43#43: exit
2023/07/27 12:14:58 [notice] 37#37: exiting
2023/07/27 12:14:58 [notice] 30#30: exiting
2023/07/27 12:14:58 [notice] 37#37: exit
2023/07/27 12:14:58 [notice] 31#31: exiting
2023/07/27 12:14:58 [notice] 32#32: exiting
2023/07/27 12:14:58 [notice] 33#33: exiting
2023/07/27 12:14:58 [notice] 34#34: exiting
2023/07/27 12:14:58 [notice] 35#35: exiting
2023/07/27 12:14:58 [notice] 36#36: exiting
2023/07/27 12:14:58 [notice] 39#39: exiting
2023/07/27 12:14:58 [notice] 38#38: exit
2023/07/27 12:14:58 [notice] 39#39: exit
2023/07/27 12:14:58 [notice] 40#40: exiting
2023/07/27 12:14:58 [notice] 41#41: exiting
2023/07/27 12:14:58 [notice] 42#42: exiting
2023/07/27 12:14:58 [notice] 41#41: exit
2023/07/27 12:14:58 [notice] 44#44: exiting
2023/07/27 12:14:58 [notice] 30#30: exit
2023/07/27 12:14:58 [notice] 44#44: exit
2023/07/27 12:14:58 [notice] 31#31: exit
2023/07/27 12:14:58 [notice] 32#32: exit
2023/07/27 12:14:58 [notice] 33#33: exit
2023/07/27 12:14:58 [notice] 34#34: exit
2023/07/27 12:14:58 [notice] 35#35: exit
2023/07/27 12:14:58 [notice] 36#36: exit
2023/07/27 12:14:58 [notice] 40#40: exit
2023/07/27 12:14:58 [notice] 42#42: exit
2023/07/27 12:14:58 [notice] 1#1: signal 17 (SIGCHLD) received from 41
2023/07/27 12:14:58 [notice] 1#1: worker process 30 exited with code 0
2023/07/27 12:14:58 [notice] 1#1: worker process 32 exited with code 0
2023/07/27 12:14:58 [notice] 1#1: worker process 34 exited with code 0
2023/07/27 12:14:58 [notice] 1#1: worker process 35 exited with code 0
2023/07/27 12:14:58 [notice] 1#1: worker process 37 exited with code 0
2023/07/27 12:14:58 [notice] 1#1: worker process 39 exited with code 0
2023/07/27 12:14:58 [notice] 1#1: worker process 41 exited with code 0
2023/07/27 12:14:58 [notice] 1#1: worker process 42 exited with code 0
2023/07/27 12:14:58 [notice] 1#1: worker process 43 exited with code 0
2023/07/27 12:14:58 [notice] 1#1: signal 29 (SIGIO) received
2023/07/27 12:14:58 [notice] 1#1: signal 17 (SIGCHLD) received from 42
2023/07/27 12:14:58 [notice] 1#1: signal 17 (SIGCHLD) received from 33
2023/07/27 12:14:58 [notice] 1#1: worker process 33 exited with code 0
2023/07/27 12:14:58 [notice] 1#1: worker process 36 exited with code 0
2023/07/27 12:14:58 [notice] 1#1: worker process 44 exited with code 0
2023/07/27 12:14:58 [notice] 1#1: signal 29 (SIGIO) received
2023/07/27 12:14:58 [notice] 1#1: signal 17 (SIGCHLD) received from 36
2023/07/27 12:14:58 [notice] 1#1: signal 17 (SIGCHLD) received from 38
2023/07/27 12:14:58 [notice] 1#1: worker process 29 exited with code 0
2023/07/27 12:14:58 [notice] 1#1: worker process 31 exited with code 0
2023/07/27 12:14:58 [notice] 1#1: worker process 38 exited with code 0
2023/07/27 12:14:58 [notice] 1#1: worker process 40 exited with code 0
2023/07/27 12:14:58 [notice] 1#1: exit
2023/07/27 12:15:12 [notice] 1#1: using the "epoll" event method
2023/07/27 12:15:12 [notice] 1#1: nginx/1.24.0
2023/07/27 12:15:12 [notice] 1#1: built by gcc 12.2.1 20220924 (Alpine 12.2.1_git20220924-r4) 
2023/07/27 12:15:12 [notice] 1#1: OS: Linux 5.10.102.1-microsoft-standard-WSL2
2023/07/27 12:15:12 [notice] 1#1: getrlimit(RLIMIT_NOFILE): 1048576:1048576
2023/07/27 12:15:12 [notice] 1#1: start worker processes
2023/07/27 12:15:12 [notice] 1#1: start worker process 29
2023/07/27 12:15:12 [notice] 1#1: start worker process 30
2023/07/27 12:15:12 [notice] 1#1: start worker process 31
2023/07/27 12:15:12 [notice] 1#1: start worker process 32
2023/07/27 12:15:12 [notice] 1#1: start worker process 33
2023/07/27 12:15:12 [notice] 1#1: start worker process 34
2023/07/27 12:15:12 [notice] 1#1: start worker process 35
2023/07/27 12:15:12 [notice] 1#1: start worker process 36
2023/07/27 12:15:12 [notice] 1#1: start worker process 37
2023/07/27 12:15:12 [notice] 1#1: start worker process 38
2023/07/27 12:15:12 [notice] 1#1: start worker process 39
2023/07/27 12:15:12 [notice] 1#1: start worker process 40
2023/07/27 12:15:12 [notice] 1#1: start worker process 41
2023/07/27 12:15:12 [notice] 1#1: start worker process 42
2023/07/27 12:15:12 [notice] 1#1: start worker process 43
2023/07/27 12:15:12 [notice] 1#1: start worker process 44
